<?xml version="1.0" encoding="UTF-8"?>
<testsuite xmlns:xsi="http://www.w3.org/2001/XMLSchema-instance" xsi:schemaLocation="https://maven.apache.org/surefire/maven-surefire-plugin/xsd/surefire-test-report.xsd" name="org.apache.kylin.cube.CubeDescTest" time="11.188" tests="25" errors="0" skipped="0" failures="0">
  <properties>
    <property name="java.runtime.name" value="Java(TM) SE Runtime Environment"/>
    <property name="sun.boot.library.path" value="/Library/Java/JavaVirtualMachines/jdk1.8.0_121.jdk/Contents/Home/jre/lib"/>
    <property name="java.vm.version" value="25.121-b13"/>
    <property name="gopherProxySet" value="false"/>
    <property name="java.vm.vendor" value="Oracle Corporation"/>
    <property name="maven.multiModuleProjectDirectory" value="/Users/matthewd/projects/kylin-master"/>
    <property name="java.vendor.url" value="http://java.oracle.com/"/>
    <property name="path.separator" value=":"/>
    <property name="guice.disable.misplaced.annotation.check" value="true"/>
    <property name="java.vm.name" value="Java HotSpot(TM) 64-Bit Server VM"/>
    <property name="file.encoding.pkg" value="sun.io"/>
    <property name="user.country" value="US"/>
    <property name="sun.java.launcher" value="SUN_STANDARD"/>
    <property name="sun.os.patch.level" value="unknown"/>
    <property name="java.vm.specification.name" value="Java Virtual Machine Specification"/>
    <property name="user.dir" value="/Users/matthewd/projects/kylin-master"/>
    <property name="java.runtime.version" value="1.8.0_121-b13"/>
    <property name="java.awt.graphicsenv" value="sun.awt.CGraphicsEnvironment"/>
    <property name="java.endorsed.dirs" value="/Library/Java/JavaVirtualMachines/jdk1.8.0_121.jdk/Contents/Home/jre/lib/endorsed"/>
    <property name="os.arch" value="x86_64"/>
    <property name="java.io.tmpdir" value="/var/folders/gj/frgl87zd0p77jb_tbpqkxjlc0000gn/T/"/>
    <property name="line.separator" value="&#10;"/>
    <property name="java.vm.specification.vendor" value="Oracle Corporation"/>
    <property name="os.name" value="Mac OS X"/>
    <property name="classworlds.conf" value="/usr/local/Cellar/maven/3.5.0/libexec/bin/m2.conf"/>
    <property name="sun.jnu.encoding" value="UTF-8"/>
    <property name="java.library.path" value="/Users/matthewd/Library/Java/Extensions:/Library/Java/Extensions:/Network/Library/Java/Extensions:/System/Library/Java/Extensions:/usr/lib/java:."/>
    <property name="maven.conf" value="/usr/local/Cellar/maven/3.5.0/libexec/conf"/>
    <property name="java.specification.name" value="Java Platform API Specification"/>
    <property name="java.class.version" value="52.0"/>
    <property name="sun.management.compiler" value="HotSpot 64-Bit Tiered Compilers"/>
    <property name="maven.test.failure.ignore" value="true"/>
    <property name="os.version" value="10.12.2"/>
    <property name="library.jansi.path" value="/usr/local/Cellar/maven/3.5.0/libexec/lib/jansi-native/osx64"/>
    <property name="http.nonProxyHosts" value="local|*.local|169.254/16|*.169.254/16"/>
    <property name="user.home" value="/Users/matthewd"/>
    <property name="user.timezone" value="America/Los_Angeles"/>
    <property name="java.awt.printerjob" value="sun.lwawt.macosx.CPrinterJob"/>
    <property name="java.specification.version" value="1.8"/>
    <property name="file.encoding" value="UTF-8"/>
    <property name="user.name" value="matthewd"/>
    <property name="java.class.path" value="/usr/local/Cellar/maven/3.5.0/libexec/boot/plexus-classworlds-2.5.2.jar"/>
    <property name="java.vm.specification.version" value="1.8"/>
    <property name="sun.arch.data.model" value="64"/>
    <property name="java.home" value="/Library/Java/JavaVirtualMachines/jdk1.8.0_121.jdk/Contents/Home/jre"/>
    <property name="sun.java.command" value="org.codehaus.plexus.classworlds.launcher.Launcher clover:setup test -Dmaven.test.failure.ignore=true clover:aggregate clover:clover"/>
    <property name="java.specification.vendor" value="Oracle Corporation"/>
    <property name="user.language" value="en"/>
    <property name="awt.toolkit" value="sun.lwawt.macosx.LWCToolkit"/>
    <property name="java.vm.info" value="mixed mode"/>
    <property name="java.version" value="1.8.0_121"/>
    <property name="java.ext.dirs" value="/Users/matthewd/Library/Java/Extensions:/Library/Java/JavaVirtualMachines/jdk1.8.0_121.jdk/Contents/Home/jre/lib/ext:/Library/Java/Extensions:/Network/Library/Java/Extensions:/System/Library/Java/Extensions:/usr/lib/java"/>
    <property name="sun.boot.class.path" value="/Library/Java/JavaVirtualMachines/jdk1.8.0_121.jdk/Contents/Home/jre/lib/resources.jar:/Library/Java/JavaVirtualMachines/jdk1.8.0_121.jdk/Contents/Home/jre/lib/rt.jar:/Library/Java/JavaVirtualMachines/jdk1.8.0_121.jdk/Contents/Home/jre/lib/sunrsasign.jar:/Library/Java/JavaVirtualMachines/jdk1.8.0_121.jdk/Contents/Home/jre/lib/jsse.jar:/Library/Java/JavaVirtualMachines/jdk1.8.0_121.jdk/Contents/Home/jre/lib/jce.jar:/Library/Java/JavaVirtualMachines/jdk1.8.0_121.jdk/Contents/Home/jre/lib/charsets.jar:/Library/Java/JavaVirtualMachines/jdk1.8.0_121.jdk/Contents/Home/jre/lib/jfr.jar:/Library/Java/JavaVirtualMachines/jdk1.8.0_121.jdk/Contents/Home/jre/classes"/>
    <property name="java.vendor" value="Oracle Corporation"/>
    <property name="maven.home" value="/usr/local/Cellar/maven/3.5.0/libexec"/>
    <property name="file.separator" value="/"/>
    <property name="java.vendor.url.bug" value="http://bugreport.sun.com/bugreport/"/>
    <property name="sun.cpu.endian" value="little"/>
    <property name="sun.io.unicode.encoding" value="UnicodeBig"/>
    <property name="socksNonProxyHosts" value="local|*.local|169.254/16|*.169.254/16"/>
    <property name="ftp.nonProxyHosts" value="local|*.local|169.254/16|*.169.254/16"/>
    <property name="sun.cpu.isalist" value=""/>
  </properties>
  <testcase name="testBadInit1" classname="org.apache.kylin.cube.CubeDescTest" time="0.453"/>
  <testcase name="testBadInit2" classname="org.apache.kylin.cube.CubeDescTest" time="0.402"/>
  <testcase name="testBadInit3" classname="org.apache.kylin.cube.CubeDescTest" time="0.417"/>
  <testcase name="testBadInit4" classname="org.apache.kylin.cube.CubeDescTest" time="0.425"/>
  <testcase name="testBadInit5" classname="org.apache.kylin.cube.CubeDescTest" time="0.439"/>
  <testcase name="testBadInit6" classname="org.apache.kylin.cube.CubeDescTest" time="0.514"/>
  <testcase name="testBadInit7" classname="org.apache.kylin.cube.CubeDescTest" time="0.395"/>
  <testcase name="testBadInit8" classname="org.apache.kylin.cube.CubeDescTest" time="0.405"/>
  <testcase name="testBadInit9" classname="org.apache.kylin.cube.CubeDescTest" time="0.451"/>
  <testcase name="testGoodInit" classname="org.apache.kylin.cube.CubeDescTest" time="0.383"/>
  <testcase name="testTooManyRowkeys" classname="org.apache.kylin.cube.CubeDescTest" time="0.968"/>
  <testcase name="testInitPartialCube" classname="org.apache.kylin.cube.CubeDescTest" time="0.412"/>
  <testcase name="testSerialize" classname="org.apache.kylin.cube.CubeDescTest" time="0.507"/>
  <testcase name="testDerivedInfo" classname="org.apache.kylin.cube.CubeDescTest" time="0.376"/>
  <testcase name="testGetCopyOf" classname="org.apache.kylin.cube.CubeDescTest" time="0.389"/>
  <testcase name="testCiCube" classname="org.apache.kylin.cube.CubeDescTest" time="0.407"/>
  <testcase name="testGetCubeDesc" classname="org.apache.kylin.cube.CubeDescTest" time="0.365"/>
  <testcase name="testCombinationIntOverflow" classname="org.apache.kylin.cube.CubeDescTest" time="0.774"/>
  <testcase name="testSerializeMap" classname="org.apache.kylin.cube.CubeDescTest" time="0.371"/>
  <testcase name="testBadInit10" classname="org.apache.kylin.cube.CubeDescTest" time="0.371"/>
  <testcase name="testBadInit11" classname="org.apache.kylin.cube.CubeDescTest" time="0.424"/>
  <testcase name="testBadInit12" classname="org.apache.kylin.cube.CubeDescTest" time="0.377"/>
  <testcase name="testBadInit13" classname="org.apache.kylin.cube.CubeDescTest" time="0.366"/>
  <testcase name="testBadInit14" classname="org.apache.kylin.cube.CubeDescTest" time="0.391"/>
  <testcase name="testBadInit15" classname="org.apache.kylin.cube.CubeDescTest" time="0.399"/>
</testsuite>